{"C:\\Users\\tiran\\OneDrive\\Documentos\\Projetos\\e-commerce-api\\src\\controllers\\user-controller.js": {"path":"C:\\Users\\tiran\\OneDrive\\Documentos\\Projetos\\e-commerce-api\\src\\controllers\\user-controller.js","statementMap":{"0":{"start":{"line":1,"column":20},"end":{"line":1,"column":55}},"1":{"start":{"line":2,"column":12},"end":{"line":2,"column":35}},"2":{"start":{"line":3,"column":15},"end":{"line":3,"column":32}},"3":{"start":{"line":7,"column":4},"end":{"line":45,"column":5}},"4":{"start":{"line":8,"column":40},"end":{"line":8,"column":48}},"5":{"start":{"line":10,"column":25},"end":{"line":10,"column":59}},"6":{"start":{"line":11,"column":6},"end":{"line":13,"column":7}},"7":{"start":{"line":12,"column":8},"end":{"line":12,"column":71}},"8":{"start":{"line":15,"column":6},"end":{"line":19,"column":7}},"9":{"start":{"line":16,"column":8},"end":{"line":18,"column":74}},"10":{"start":{"line":21,"column":29},"end":{"line":21,"column":58}},"11":{"start":{"line":23,"column":27},"end":{"line":23,"column":69}},"12":{"start":{"line":25,"column":6},"end":{"line":27,"column":7}},"13":{"start":{"line":26,"column":8},"end":{"line":26,"column":71}},"14":{"start":{"line":29,"column":19},"end":{"line":29,"column":76}},"15":{"start":{"line":31,"column":22},"end":{"line":36,"column":7}},"16":{"start":{"line":38,"column":20},"end":{"line":40,"column":8}},"17":{"start":{"line":42,"column":6},"end":{"line":42,"column":60}},"18":{"start":{"line":44,"column":6},"end":{"line":44,"column":56}},"19":{"start":{"line":49,"column":4},"end":{"line":75,"column":5}},"20":{"start":{"line":50,"column":34},"end":{"line":50,"column":42}},"21":{"start":{"line":52,"column":19},"end":{"line":52,"column":61}},"22":{"start":{"line":54,"column":6},"end":{"line":55,"column":78}},"23":{"start":{"line":55,"column":8},"end":{"line":55,"column":78}},"24":{"start":{"line":57,"column":28},"end":{"line":57,"column":73}},"25":{"start":{"line":59,"column":6},"end":{"line":60,"column":78}},"26":{"start":{"line":60,"column":8},"end":{"line":60,"column":78}},"27":{"start":{"line":62,"column":22},"end":{"line":67,"column":7}},"28":{"start":{"line":68,"column":20},"end":{"line":70,"column":8}},"29":{"start":{"line":72,"column":6},"end":{"line":72,"column":60}},"30":{"start":{"line":74,"column":6},"end":{"line":74,"column":56}},"31":{"start":{"line":79,"column":4},"end":{"line":94,"column":5}},"32":{"start":{"line":80,"column":21},"end":{"line":80,"column":32}},"33":{"start":{"line":82,"column":30},"end":{"line":82,"column":38}},"34":{"start":{"line":84,"column":26},"end":{"line":84,"column":79}},"35":{"start":{"line":86,"column":6},"end":{"line":91,"column":9}},"36":{"start":{"line":93,"column":6},"end":{"line":93,"column":56}},"37":{"start":{"line":98,"column":4},"end":{"line":128,"column":5}},"38":{"start":{"line":99,"column":21},"end":{"line":99,"column":32}},"39":{"start":{"line":101,"column":43},"end":{"line":101,"column":51}},"40":{"start":{"line":103,"column":6},"end":{"line":107,"column":7}},"41":{"start":{"line":104,"column":8},"end":{"line":106,"column":73}},"42":{"start":{"line":109,"column":6},"end":{"line":112,"column":74}},"43":{"start":{"line":110,"column":8},"end":{"line":112,"column":74}},"44":{"start":{"line":114,"column":19},"end":{"line":114,"column":57}},"45":{"start":{"line":116,"column":6},"end":{"line":125,"column":7}},"46":{"start":{"line":117,"column":30},"end":{"line":117,"column":78}},"47":{"start":{"line":119,"column":8},"end":{"line":121,"column":9}},"48":{"start":{"line":120,"column":10},"end":{"line":120,"column":78}},"49":{"start":{"line":122,"column":34},"end":{"line":122,"column":66}},"50":{"start":{"line":123,"column":8},"end":{"line":123,"column":68}},"51":{"start":{"line":124,"column":8},"end":{"line":124,"column":82}},"52":{"start":{"line":127,"column":6},"end":{"line":127,"column":56}},"53":{"start":{"line":132,"column":0},"end":{"line":132,"column":38}}},"fnMap":{"0":{"name":"(anonymous_0)","decl":{"start":{"line":6,"column":2},"end":{"line":6,"column":3}},"loc":{"start":{"line":6,"column":29},"end":{"line":46,"column":3}},"line":6},"1":{"name":"(anonymous_1)","decl":{"start":{"line":48,"column":2},"end":{"line":48,"column":3}},"loc":{"start":{"line":48,"column":28},"end":{"line":76,"column":3}},"line":48},"2":{"name":"(anonymous_2)","decl":{"start":{"line":78,"column":2},"end":{"line":78,"column":3}},"loc":{"start":{"line":78,"column":29},"end":{"line":95,"column":3}},"line":78},"3":{"name":"(anonymous_3)","decl":{"start":{"line":97,"column":2},"end":{"line":97,"column":3}},"loc":{"start":{"line":97,"column":33},"end":{"line":129,"column":3}},"line":97}},"branchMap":{"0":{"loc":{"start":{"line":11,"column":6},"end":{"line":13,"column":7}},"type":"if","locations":[{"start":{"line":11,"column":6},"end":{"line":13,"column":7}},{"start":{},"end":{}}],"line":11},"1":{"loc":{"start":{"line":15,"column":6},"end":{"line":19,"column":7}},"type":"if","locations":[{"start":{"line":15,"column":6},"end":{"line":19,"column":7}},{"start":{},"end":{}}],"line":15},"2":{"loc":{"start":{"line":25,"column":6},"end":{"line":27,"column":7}},"type":"if","locations":[{"start":{"line":25,"column":6},"end":{"line":27,"column":7}},{"start":{},"end":{}}],"line":25},"3":{"loc":{"start":{"line":54,"column":6},"end":{"line":55,"column":78}},"type":"if","locations":[{"start":{"line":54,"column":6},"end":{"line":55,"column":78}},{"start":{},"end":{}}],"line":54},"4":{"loc":{"start":{"line":59,"column":6},"end":{"line":60,"column":78}},"type":"if","locations":[{"start":{"line":59,"column":6},"end":{"line":60,"column":78}},{"start":{},"end":{}}],"line":59},"5":{"loc":{"start":{"line":103,"column":6},"end":{"line":107,"column":7}},"type":"if","locations":[{"start":{"line":103,"column":6},"end":{"line":107,"column":7}},{"start":{},"end":{}}],"line":103},"6":{"loc":{"start":{"line":103,"column":10},"end":{"line":103,"column":38}},"type":"binary-expr","locations":[{"start":{"line":103,"column":10},"end":{"line":103,"column":22}},{"start":{"line":103,"column":26},"end":{"line":103,"column":38}}],"line":103},"7":{"loc":{"start":{"line":109,"column":6},"end":{"line":112,"column":74}},"type":"if","locations":[{"start":{"line":109,"column":6},"end":{"line":112,"column":74}},{"start":{},"end":{}}],"line":109},"8":{"loc":{"start":{"line":116,"column":6},"end":{"line":125,"column":7}},"type":"if","locations":[{"start":{"line":116,"column":6},"end":{"line":125,"column":7}},{"start":{},"end":{}}],"line":116},"9":{"loc":{"start":{"line":119,"column":8},"end":{"line":121,"column":9}},"type":"if","locations":[{"start":{"line":119,"column":8},"end":{"line":121,"column":9}},{"start":{},"end":{}}],"line":119}},"s":{"0":1,"1":1,"2":1,"3":1,"4":1,"5":1,"6":1,"7":0,"8":1,"9":0,"10":1,"11":1,"12":1,"13":0,"14":1,"15":1,"16":1,"17":1,"18":0,"19":0,"20":0,"21":0,"22":0,"23":0,"24":0,"25":0,"26":0,"27":0,"28":0,"29":0,"30":0,"31":0,"32":0,"33":0,"34":0,"35":0,"36":0,"37":0,"38":0,"39":0,"40":0,"41":0,"42":0,"43":0,"44":0,"45":0,"46":0,"47":0,"48":0,"49":0,"50":0,"51":0,"52":0,"53":1},"f":{"0":1,"1":0,"2":0,"3":0},"b":{"0":[0,1],"1":[0,1],"2":[0,1],"3":[0,0],"4":[0,0],"5":[0,0],"6":[0,0],"7":[0,0],"8":[0,0],"9":[0,0]},"_coverageSchema":"1a1c01bbd47fc00a2c39e90264f33305004495a9","hash":"2a5a8a7d3c826d57a20b3b9bae26fb306bc8bb0d"}
,"C:\\Users\\tiran\\OneDrive\\Documentos\\Projetos\\e-commerce-api\\src\\database\\index.js": {"path":"C:\\Users\\tiran\\OneDrive\\Documentos\\Projetos\\e-commerce-api\\src\\database\\index.js","statementMap":{"0":{"start":{"line":1,"column":0},"end":{"line":1,"column":26}},"1":{"start":{"line":2,"column":25},"end":{"line":2,"column":50}},"2":{"start":{"line":4,"column":15},"end":{"line":4,"column":33}},"3":{"start":{"line":6,"column":0},"end":{"line":6,"column":23}}},"fnMap":{},"branchMap":{},"s":{"0":1,"1":1,"2":1,"3":1},"f":{},"b":{},"_coverageSchema":"1a1c01bbd47fc00a2c39e90264f33305004495a9","hash":"c939a9b4cbfd5f449e59555d16d74e176bae01f6"}
,"C:\\Users\\tiran\\OneDrive\\Documentos\\Projetos\\e-commerce-api\\src\\services\\user-service.js": {"path":"C:\\Users\\tiran\\OneDrive\\Documentos\\Projetos\\e-commerce-api\\src\\services\\user-service.js","statementMap":{"0":{"start":{"line":1,"column":15},"end":{"line":1,"column":37}},"1":{"start":{"line":2,"column":15},"end":{"line":2,"column":32}},"2":{"start":{"line":6,"column":17},"end":{"line":12,"column":6}},"3":{"start":{"line":13,"column":4},"end":{"line":13,"column":16}},"4":{"start":{"line":18,"column":17},"end":{"line":20,"column":6}},"5":{"start":{"line":22,"column":4},"end":{"line":22,"column":16}},"6":{"start":{"line":26,"column":24},"end":{"line":29,"column":6}},"7":{"start":{"line":30,"column":4},"end":{"line":30,"column":23}},"8":{"start":{"line":34,"column":24},"end":{"line":37,"column":6}},"9":{"start":{"line":39,"column":4},"end":{"line":39,"column":22}},"10":{"start":{"line":43,"column":17},"end":{"line":45,"column":6}},"11":{"start":{"line":46,"column":4},"end":{"line":46,"column":15}},"12":{"start":{"line":50,"column":0},"end":{"line":50,"column":35}}},"fnMap":{"0":{"name":"(anonymous_0)","decl":{"start":{"line":5,"column":2},"end":{"line":5,"column":3}},"loc":{"start":{"line":5,"column":42},"end":{"line":14,"column":3}},"line":5},"1":{"name":"(anonymous_1)","decl":{"start":{"line":17,"column":2},"end":{"line":17,"column":3}},"loc":{"start":{"line":17,"column":33},"end":{"line":23,"column":3}},"line":17},"2":{"name":"(anonymous_2)","decl":{"start":{"line":25,"column":2},"end":{"line":25,"column":3}},"loc":{"start":{"line":25,"column":29},"end":{"line":31,"column":3}},"line":25},"3":{"name":"(anonymous_3)","decl":{"start":{"line":33,"column":2},"end":{"line":33,"column":3}},"loc":{"start":{"line":33,"column":40},"end":{"line":40,"column":3}},"line":33},"4":{"name":"(anonymous_4)","decl":{"start":{"line":42,"column":2},"end":{"line":42,"column":3}},"loc":{"start":{"line":42,"column":25},"end":{"line":47,"column":3}},"line":42}},"branchMap":{},"s":{"0":1,"1":1,"2":0,"3":0,"4":0,"5":0,"6":0,"7":0,"8":0,"9":0,"10":0,"11":0,"12":1},"f":{"0":0,"1":0,"2":0,"3":0,"4":0},"b":{},"_coverageSchema":"1a1c01bbd47fc00a2c39e90264f33305004495a9","hash":"58aa0f693abfc398dde28d4edf6a64f052cc321f"}
}
